________________________________________________________________________________________________________________________________
bafybeic3m3muv2kh64vz4wlipo6vs6cscmrkc5w27ny3ymfeu64yaz4bvu
________________________________________________________________________________________________________________________________
                                                                                                                           LOGS
    bafybeibfzhjzvmtskd4dftjmo47pz6nbma3hbk26r25mzpin47rjlxukpu
________________________________________________________________________________________________________________________________
                                                                bafybeicp7jrkozsg7ai2zee7bu7gkv7icuoz4odahmo32hinmzj53j54xy.LOG
        bafybeici7klyuihvqv7ap5fj4qq2itmdyxp7w7hdmcyxc5tqbng55t7wte
________________________________________________________________________________________________________________________________
                                                                    bafybeicp7jrkozsg7ai2zee7bu7gkv7icuoz4odahmo32hinmzj53j54xy
    bafybeicp7jrkozsg7ai2zee7bu7gkv7icuoz4odahmo32hinmzj53j54xy
________________________________________________________________________________________________________________________________
                                                                                                                 MeKuboTree.ico
        bafybeicxrv465kt22y4aamlkg7qdizuf56c5hs4uukv3sma3y5wea7dg2q
________________________________________________________________________________________________________________________________
                                                                                                                  MeKuboWidgets
        bafybeicqhs33wkzf6qgziwk6fy7pkkgfwos6wqfajmfmwfi3vv6gygpuv4
________________________________________________________________________________________________________________________________
                                                                                                                     MeKuboTree
            bafybeihahat2tj4bney5rcirb62ikzz7pb4gsmxpt3v4wo3k22vvpbhizy
________________________________________________________________________________________________________________________________
                                                                                                                 MeKuboTree.exe
                bafybeiemhtfqvcj5y5si3lpckkz5hs7kx2bgrz3d733gxg5j2p6hxjswfa
________________________________________________________________________________________________________________________________
                                                                                                                  MeKuboTree.py
                bafybeic6mtfq7uq6ce3iqo44xnx33fg64yfrxocmrqgb5s4skvkndwtete
________________________________________________________________________________________________________________________________
                                                                                                                       hashtree
                bafybeiczsscdsbs7ffqz55asqdf3smv6klcw3gofszvwlyarci47bgf354
________________________________________________________________________________________________________________________________
